0 info it worked if it ends with ok
1 verbose cli [ 'C:\\Program Files\\nodejs\\node.exe',
1 verbose cli   'C:\\Program Files\\nodejs\\node_modules\\npm\\bin\\npm-cli.js',
1 verbose cli   'run',
1 verbose cli   'pack-mvvm-min' ]
2 info using npm@2.15.9
3 info using node@v4.5.0
4 verbose run-script [ 'prepack-mvvm-min', 'pack-mvvm-min', 'postpack-mvvm-min' ]
5 info prepack-mvvm-min sugar-js@1.2.7
6 info pack-mvvm-min sugar-js@1.2.7
7 verbose unsafe-perm in lifecycle true
8 info sugar-js@1.2.7 Failed to exec pack-mvvm-min script
9 verbose stack Error: sugar-js@1.2.7 pack-mvvm-min: `node node_modules/.bin/rollup -c build/pack.mvvm.min.js`
9 verbose stack Exit status 1
9 verbose stack     at EventEmitter.<anonymous> (C:\Program Files\nodejs\node_modules\npm\lib\utils\lifecycle.js:217:16)
9 verbose stack     at emitTwo (events.js:87:13)
9 verbose stack     at EventEmitter.emit (events.js:172:7)
9 verbose stack     at ChildProcess.<anonymous> (C:\Program Files\nodejs\node_modules\npm\lib\utils\spawn.js:24:14)
9 verbose stack     at emitTwo (events.js:87:13)
9 verbose stack     at ChildProcess.emit (events.js:172:7)
9 verbose stack     at maybeClose (internal/child_process.js:829:16)
9 verbose stack     at Process.ChildProcess._handle.onexit (internal/child_process.js:211:5)
10 verbose pkgid sugar-js@1.2.7
11 verbose cwd D:\Github\sugar
12 error Windows_NT 10.0.14393
13 error argv "C:\\Program Files\\nodejs\\node.exe" "C:\\Program Files\\nodejs\\node_modules\\npm\\bin\\npm-cli.js" "run" "pack-mvvm-min"
14 error node v4.5.0
15 error npm  v2.15.9
16 error code ELIFECYCLE
17 error sugar-js@1.2.7 pack-mvvm-min: `node node_modules/.bin/rollup -c build/pack.mvvm.min.js`
17 error Exit status 1
18 error Failed at the sugar-js@1.2.7 pack-mvvm-min script 'node node_modules/.bin/rollup -c build/pack.mvvm.min.js'.
18 error This is most likely a problem with the sugar-js package,
18 error not with npm itself.
18 error Tell the author that this fails on your system:
18 error     node node_modules/.bin/rollup -c build/pack.mvvm.min.js
18 error You can get information on how to open an issue for this project with:
18 error     npm bugs sugar-js
18 error Or if that isn't available, you can get their info via:
18 error
18 error     npm owner ls sugar-js
18 error There is likely additional logging output above.
19 verbose exit [ 1, true ]
